<?xml version="1.0" encoding="UTF-8"?>
<testsuite xmlns:xsi="http://www.w3.org/2001/XMLSchema-instance" xsi:noNamespaceSchemaLocation="https://maven.apache.org/surefire/maven-surefire-plugin/xsd/surefire-test-report-3.0.xsd" version="3.0" name="com.bookmanagement.service.BookServiceTest" time="0.108" tests="6" errors="0" skipped="0" failures="0">
  <properties>
[...]
</properties>
  <testcase name="testGetAllBooks" classname="com.bookmanagement.service.BookServiceTest" time="0.096"/>
  <testcase name="testUpdateBook" classname="com.bookmanagement.service.BookServiceTest" time="0.003"/>
  <testcase name="testGetBookById" classname="com.bookmanagement.service.BookServiceTest" time="0.001"/>
  <testcase name="testDeleteBookNotFound" classname="com.bookmanagement.service.BookServiceTest" time="0.001"/>
  <testcase name="testCreateBook" classname="com.bookmanagement.service.BookServiceTest" time="0.001"/>
  <testcase name="testDeleteBook" classname="com.bookmanagement.service.BookServiceTest" time="0.002"/>
</testsuite>